<?xml version="1.0" encoding="UTF-8"?>
<!-- Generated by org.testng.reporters.JUnitReportReporter -->
<testsuite hostname="DESKTOP-6OIHPMP" failures="0" tests="2" name="com.tmb.test.OrangeHRMTest" time="0.000" errors="0" timestamp="2024-02-12T23:29:45 IST" skipped="2">
  <testcase classname="com.tmb.test.OrangeHRMTest" name="newTest" time="0.000">
    <skipped/>
  </testcase> <!-- newTest -->
  <system-out/>
  <testcase classname="com.tmb.test.OrangeHRMTest" name="loginLogoutTest" time="0.000">
    <skipped/>
  </testcase> <!-- loginLogoutTest -->
  <system-out/>
</testsuite> <!-- com.tmb.test.OrangeHRMTest -->
