<?xml version="1.0" encoding="UTF-8"?>
<!-- Generated by org.testng.reporters.JUnitReportReporter -->
<testsuite hostname="DESKTOP-6OIHPMP" failures="0" tests="1" name="com.tmb.test.LoginPageTest" time="5.427" errors="0" timestamp="2024-02-11T20:44:42 IST" skipped="0">
  <testcase classname="com.tmb.test.LoginPageTest" name="loginLogoutTest" time="5.427"/>
  <system-out/>
</testsuite> <!-- com.tmb.test.LoginPageTest -->
