<?xml version="1.0" encoding="UTF-8"?>
<!-- Generated by org.testng.reporters.JUnitReportReporter -->
<testsuite hostname="DESKTOP-6OIHPMP" failures="0" tests="4" name="com.tmb.dpMeth.Sample" time="28.559" errors="0" timestamp="2024-02-14T20:07:29 IST" skipped="0">
  <testcase classname="com.tmb.dpMeth.Sample" name="test2" time="6.187"/>
  <system-out/>
  <testcase classname="com.tmb.dpMeth.Sample" name="test2" time="6.978"/>
  <system-out/>
  <testcase classname="com.tmb.dpMeth.Sample" name="test2" time="6.190"/>
  <system-out/>
  <testcase classname="com.tmb.dpMeth.Sample" name="test2" time="9.204"/>
  <system-out/>
</testsuite> <!-- com.tmb.dpMeth.Sample -->
