<?xml version="1.0" encoding="UTF-8"?>
<!-- Generated by org.testng.reporters.JUnitReportReporter -->
<testsuite hostname="DESKTOP-6OIHPMP" failures="0" tests="1" name="com.tmb.test.OrangeHRMTest" time="0.000" errors="0" timestamp="06 Feb 2024 13:49:23 GMT" skipped="1">
  <testcase classname="com.tmb.test.OrangeHRMTest" name="loginLogoutTest" time="0.000">
    <skipped/>
  </testcase> <!-- loginLogoutTest -->
</testsuite> <!-- com.tmb.test.OrangeHRMTest -->
