<?xml version="1.0" encoding="UTF-8"?>
<!-- Generated by org.testng.reporters.JUnitReportReporter -->
<testsuite hostname="DESKTOP-6OIHPMP" failures="0" tests="2" name="com.tmb.test.LoginPageTest" time="0.000" errors="0" timestamp="06 Feb 2024 13:49:23 GMT" skipped="2">
  <testcase classname="com.tmb.test.LoginPageTest" name="test2" time="0.000">
    <skipped/>
  </testcase> <!-- test2 -->
  <testcase classname="com.tmb.test.LoginPageTest" name="loginLogoutTest" time="0.000">
    <skipped/>
  </testcase> <!-- loginLogoutTest -->
</testsuite> <!-- com.tmb.test.LoginPageTest -->
